Info: Start Nativelink Simulation process
Info: NativeLink has detected Verilog design -- Verilog simulation models will be used

========= EDA Simulation Settings =====================

Sim Mode              :  RTL
Family                :  cyclonev
Quartus root          :  /home/ella/Applications/intelFPGA_lite/20.1/quartus/linux64/
Quartus sim root      :  /home/ella/Applications/intelFPGA_lite/20.1/quartus/eda/sim_lib
Simulation Tool       :  modelsim-altera
Simulation Language   :  verilog
Simulation Mode       :  GUI
Sim Output File       :  
Sim SDF file          :  
Sim dir               :  simulation/modelsim

=======================================================

Info: Starting NativeLink simulation with ModelSim-Altera software
<<<<<<< HEAD
Sourced NativeLink script /home/ella/Applications/intelFPGA_lite/20.1/quartus/common/tcl/internal/nativelink/modelsim.tcl
Warning: File cpu_run_msim_rtl_verilog.do already exists - backing up current file as cpu_run_msim_rtl_verilog.do.bak11
=======
Sourced NativeLink script /usr/local/quartus/quartus/common/tcl/internal/nativelink/modelsim.tcl
Warning: File cpu_run_msim_rtl_verilog.do already exists - backing up current file as cpu_run_msim_rtl_verilog.do.bak1
>>>>>>> 692f9e4ec0d68bd0aae27a92cf31b8e2566585d0
Info: Spawning ModelSim-Altera Simulation software 
Info: NativeLink simulation flow was successful
